MIF/HEX Update report for pipelined_computer
Sun May 15 16:34:54 2016
Quartus II 64-Bit Version 13.0.0 Build 156 04/24/2013 SJ Web Edition


---------------------
; Table of Contents ;
---------------------
  1. Legal Notice
  2. MIF/HEX Update Summary
  3. MIF/HEX Update Processed Files
  4. MIF/HEX Update Messages



----------------
; Legal Notice ;
----------------
Copyright (C) 1991-2013 Altera Corporation
Your use of Altera Corporation's design tools, logic functions 
and other software and tools, and its AMPP partner logic 
functions, and any output files from any of the foregoing 
(including device programming or simulation files), and any 
associated documentation or information are expressly subject 
to the terms and conditions of the Altera Program License 
Subscription Agreement, Altera MegaCore Function License 
Agreement, or other applicable license agreement, including, 
without limitation, that your use is for the sole purpose of 
programming logic devices manufactured by Altera and sold by 
Altera or its authorized distributors.  Please refer to the 
applicable agreement for further details.



+---------------------------------------------------------------+
; MIF/HEX Update Summary                                        ;
+-----------------------+---------------------------------------+
; MIF/HEX Update Status ; Successful - Sun May 15 16:34:54 2016 ;
; Revision Name         ; pipelined_computer                    ;
; Top-level Entity Name ; pipelined_computer                    ;
; Family                ; Cyclone II                            ;
; Device                ; EP2C35F672C6                          ;
+-----------------------+---------------------------------------+


+----------------------------------------------------------------+
; MIF/HEX Update Processed Files                                 ;
+----------------------------------------------------------------+
; File Name                                                      ;
+----------------------------------------------------------------+
; C:/Users/AlexChang/Desktop/project3_test/source/sc_datamem.mif ;
; C:/Users/AlexChang/Desktop/project3_test/source/sc_instmem.mif ;
+----------------------------------------------------------------+


+-------------------------+
; MIF/HEX Update Messages ;
+-------------------------+
Info: *******************************************************************
Info: Running Quartus II 64-Bit MIF/HEX Update
    Info: Version 13.0.0 Build 156 04/24/2013 SJ Web Edition
    Info: Processing started: Sun May 15 16:34:53 2016
Info: Command: quartus_cdb pipelined_computer -c pipelined_computer --update_mif
Warning (113028): 28 out of 32 addresses are uninitialized. The Quartus II software will initialize them to "0". There are 2 warnings found, and 2 warnings are reported.
    Warning (113027): Addresses ranging from 0 to 19 are not initialized
    Warning (113027): Addresses ranging from 24 to 31 are not initialized
Info (39024): Processed the following Memory Initialization File(s)
    Info (39025): Processed Memory Initialization File C:/Users/AlexChang/Desktop/project3_test/source/sc_datamem.mif
    Info (39025): Processed Memory Initialization File C:/Users/AlexChang/Desktop/project3_test/source/sc_instmem.mif
Info: Quartus II 64-Bit MIF/HEX Update was successful. 0 errors, 3 warnings
    Info: Peak virtual memory: 518 megabytes
    Info: Processing ended: Sun May 15 16:34:54 2016
    Info: Elapsed time: 00:00:01
    Info: Total CPU time (on all processors): 00:00:01


